This is XeTeX, Version 3.141592653-2.6-0.999993 (TeX Live 2021) (preloaded format=xelatex 2021.4.12)  25 AUG 2021 00:10
entering extended mode
 restricted \write18 enabled.
 %&-line parsing enabled.
**r4bes.tex
(./r4bes.tex
LaTeX2e <2020-10-01> patch level 4
L3 programming layer <2021-02-18> (/usr/local/texlive/2021/texmf-dist/tex/latex
/base/book.cls
Document Class: book 2020/04/10 v1.4m Standard LaTeX document class
(/usr/local/texlive/2021/texmf-dist/tex/latex/base/bk10.clo
File: bk10.clo 2020/04/10 v1.4m Standard LaTeX file (size option)
)
\c@part=\count175
\c@chapter=\count176
\c@section=\count177
\c@subsection=\count178
\c@subsubsection=\count179
\c@paragraph=\count180
\c@subparagraph=\count181
\c@figure=\count182
\c@table=\count183
\abovecaptionskip=\skip47
\belowcaptionskip=\skip48
\bibindent=\dimen138
) (/usr/local/texlive/2021/texmf-dist/tex/latex/amsmath/amsmath.sty
Package: amsmath 2020/09/23 v2.17i AMS math features
\@mathmargin=\skip49
For additional information on amsmath, use the `?' option.
(/usr/local/texlive/2021/texmf-dist/tex/latex/amsmath/amstext.sty
Package: amstext 2000/06/29 v2.01 AMS text
(/usr/local/texlive/2021/texmf-dist/tex/latex/amsmath/amsgen.sty
File: amsgen.sty 1999/11/30 v2.0 generic functions
\@emptytoks=\toks15
\ex@=\dimen139
)) (/usr/local/texlive/2021/texmf-dist/tex/latex/amsmath/amsbsy.sty
Package: amsbsy 1999/11/29 v1.2d Bold Symbols
\pmbraise@=\dimen140
) (/usr/local/texlive/2021/texmf-dist/tex/latex/amsmath/amsopn.sty
Package: amsopn 2016/03/08 v2.02 operator names
)
\inf@bad=\count184
LaTeX Info: Redefining \frac on input line 234.
\uproot@=\count185
\leftroot@=\count186
LaTeX Info: Redefining \overline on input line 399.
\classnum@=\count187
\DOTSCASE@=\count188
LaTeX Info: Redefining \ldots on input line 496.
LaTeX Info: Redefining \dots on input line 499.
LaTeX Info: Redefining \cdots on input line 620.
\Mathstrutbox@=\box47
\strutbox@=\box48
\big@size=\dimen141
LaTeX Font Info:    Redeclaring font encoding OML on input line 743.
LaTeX Font Info:    Redeclaring font encoding OMS on input line 744.
\macc@depth=\count189
\c@MaxMatrixCols=\count190
\dotsspace@=\muskip16
\c@parentequation=\count191
\dspbrk@lvl=\count192
\tag@help=\toks16
\row@=\count193
\column@=\count194
\maxfields@=\count195
\andhelp@=\toks17
\eqnshift@=\dimen142
\alignsep@=\dimen143
\tagshift@=\dimen144
\tagwidth@=\dimen145
\totwidth@=\dimen146
\lineht@=\dimen147
\@envbody=\toks18
\multlinegap=\skip50
\multlinetaggap=\skip51
\mathdisplay@stack=\toks19
LaTeX Info: Redefining \[ on input line 2923.
LaTeX Info: Redefining \] on input line 2924.
) (/usr/local/texlive/2021/texmf-dist/tex/latex/amsfonts/amssymb.sty
Package: amssymb 2013/01/14 v3.01 AMS font symbols
(/usr/local/texlive/2021/texmf-dist/tex/latex/amsfonts/amsfonts.sty
Package: amsfonts 2013/01/14 v3.01 Basic AMSFonts support
\symAMSa=\mathgroup4
\symAMSb=\mathgroup5
LaTeX Font Info:    Redeclaring math symbol \hbar on input line 98.
LaTeX Font Info:    Overwriting math alphabet `\mathfrak' in version `bold'
(Font)                  U/euf/m/n --> U/euf/b/n on input line 106.
)) (/usr/local/texlive/2021/texmf-dist/tex/latex/lm/lmodern.sty
Package: lmodern 2015/05/01 v1.6.1 Latin Modern Fonts
LaTeX Font Info:    Overwriting symbol font `operators' in version `normal'
(Font)                  OT1/cmr/m/n --> OT1/lmr/m/n on input line 22.
LaTeX Font Info:    Overwriting symbol font `letters' in version `normal'
(Font)                  OML/cmm/m/it --> OML/lmm/m/it on input line 23.
LaTeX Font Info:    Overwriting symbol font `symbols' in version `normal'
(Font)                  OMS/cmsy/m/n --> OMS/lmsy/m/n on input line 24.
LaTeX Font Info:    Overwriting symbol font `largesymbols' in version `normal'
(Font)                  OMX/cmex/m/n --> OMX/lmex/m/n on input line 25.
LaTeX Font Info:    Overwriting symbol font `operators' in version `bold'
(Font)                  OT1/cmr/bx/n --> OT1/lmr/bx/n on input line 26.
LaTeX Font Info:    Overwriting symbol font `letters' in version `bold'
(Font)                  OML/cmm/b/it --> OML/lmm/b/it on input line 27.
LaTeX Font Info:    Overwriting symbol font `symbols' in version `bold'
(Font)                  OMS/cmsy/b/n --> OMS/lmsy/b/n on input line 28.
LaTeX Font Info:    Overwriting symbol font `largesymbols' in version `bold'
(Font)                  OMX/cmex/m/n --> OMX/lmex/m/n on input line 29.
LaTeX Font Info:    Overwriting math alphabet `\mathbf' in version `normal'
(Font)                  OT1/cmr/bx/n --> OT1/lmr/bx/n on input line 31.
LaTeX Font Info:    Overwriting math alphabet `\mathsf' in version `normal'
(Font)                  OT1/cmss/m/n --> OT1/lmss/m/n on input line 32.
LaTeX Font Info:    Overwriting math alphabet `\mathit' in version `normal'
(Font)                  OT1/cmr/m/it --> OT1/lmr/m/it on input line 33.
LaTeX Font Info:    Overwriting math alphabet `\mathtt' in version `normal'
(Font)                  OT1/cmtt/m/n --> OT1/lmtt/m/n on input line 34.
LaTeX Font Info:    Overwriting math alphabet `\mathbf' in version `bold'
(Font)                  OT1/cmr/bx/n --> OT1/lmr/bx/n on input line 35.
LaTeX Font Info:    Overwriting math alphabet `\mathsf' in version `bold'
(Font)                  OT1/cmss/bx/n --> OT1/lmss/bx/n on input line 36.
LaTeX Font Info:    Overwriting math alphabet `\mathit' in version `bold'
(Font)                  OT1/cmr/bx/it --> OT1/lmr/bx/it on input line 37.
LaTeX Font Info:    Overwriting math alphabet `\mathtt' in version `bold'
(Font)                  OT1/cmtt/m/n --> OT1/lmtt/m/n on input line 38.
) (/usr/local/texlive/2021/texmf-dist/tex/generic/iftex/ifxetex.sty
Package: ifxetex 2019/10/25 v0.7 ifxetex legacy package. Use iftex instead.
(/usr/local/texlive/2021/texmf-dist/tex/generic/iftex/iftex.sty
Package: iftex 2020/03/06 v1.0d TeX engine tests
)) (/usr/local/texlive/2021/texmf-dist/tex/generic/iftex/ifluatex.sty
Package: ifluatex 2019/10/25 v1.5 ifluatex legacy package. Use iftex instead.
) (/usr/local/texlive/2021/texmf-dist/tex/latex/unicode-math/unicode-math.sty (
/usr/local/texlive/2021/texmf-dist/tex/latex/l3kernel/expl3.sty
Package: expl3 2021-02-18 L3 programming layer (loader) 
(/usr/local/texlive/2021/texmf-dist/tex/latex/l3backend/l3backend-xetex.def
File: l3backend-xetex.def 2021-03-18 L3 backend support: XeTeX
(|extractbb --version)
\c__kernel_sys_dvipdfmx_version_int=\count196
\l__color_backend_stack_int=\count197
\g__color_backend_stack_int=\count198
\g__graphics_track_int=\count199
\l__pdf_internal_box=\box49
\g__pdf_backend_object_int=\count266
\g__pdf_backend_annotation_int=\count267
\g__pdf_backend_link_int=\count268
))
Package: unicode-math 2020/01/31 v0.8q Unicode maths in XeLaTeX and LuaLaTeX

(/usr/local/texlive/2021/texmf-dist/tex/latex/unicode-math/unicode-math-xetex.s
ty
Package: unicode-math-xetex 2020/01/31 v0.8q Unicode maths in XeLaTeX and LuaLa
TeX
(/usr/local/texlive/2021/texmf-dist/tex/latex/l3packages/xparse/xparse.sty
(/usr/local/texlive/2021/texmf-dist/tex/latex/l3packages/xparse/xparse-2020-10-
01.sty
(/usr/local/texlive/2021/texmf-dist/tex/latex/l3packages/xparse/xparse-generic.
tex))) (/usr/local/texlive/2021/texmf-dist/tex/latex/l3packages/l3keys2e/l3keys
2e.sty
Package: l3keys2e 2021-03-12 LaTeX2e option processing using LaTeX3 keys
) (/usr/local/texlive/2021/texmf-dist/tex/latex/fontspec/fontspec.sty
Package: fontspec 2020/02/21 v2.7i Font selection for XeLaTeX and LuaLaTeX
(/usr/local/texlive/2021/texmf-dist/tex/latex/fontspec/fontspec-xetex.sty
Package: fontspec-xetex 2020/02/21 v2.7i Font selection for XeLaTeX and LuaLaTe
X
\l__fontspec_script_int=\count269
\l__fontspec_language_int=\count270
\l__fontspec_strnum_int=\count271
\l__fontspec_tmp_int=\count272
\l__fontspec_tmpa_int=\count273
\l__fontspec_tmpb_int=\count274
\l__fontspec_tmpc_int=\count275
\l__fontspec_em_int=\count276
\l__fontspec_emdef_int=\count277
\l__fontspec_strong_int=\count278
\l__fontspec_strongdef_int=\count279
\l__fontspec_tmpa_dim=\dimen148
\l__fontspec_tmpb_dim=\dimen149
\l__fontspec_tmpc_dim=\dimen150
(/usr/local/texlive/2021/texmf-dist/tex/latex/base/fontenc.sty
Package: fontenc 2020/08/10 v2.0s Standard LaTeX package
) (/usr/local/texlive/2021/texmf-dist/tex/latex/fontspec/fontspec.cfg))) (/usr/
local/texlive/2021/texmf-dist/tex/latex/base/fix-cm.sty
Package: fix-cm 2015/01/14 v1.1t fixes to LaTeX
(/usr/local/texlive/2021/texmf-dist/tex/latex/base/ts1enc.def
File: ts1enc.def 2001/06/05 v3.0e (jk/car/fm) Standard LaTeX file
LaTeX Font Info:    Redeclaring font encoding TS1 on input line 47.
))
\g__um_fam_int=\count280
\g__um_fonts_used_int=\count281
\l__um_primecount_int=\count282
\g__um_primekern_muskip=\muskip17

(/usr/local/texlive/2021/texmf-dist/tex/latex/unicode-math/unicode-math-table.t
ex))) (/usr/local/texlive/2021/texmf-dist/tex/latex/upquote/upquote.sty
Package: upquote 2012/04/19 v1.3 upright-quote and grave-accent glyphs in verba
tim
(/usr/local/texlive/2021/texmf-dist/tex/latex/base/textcomp.sty
Package: textcomp 2020/02/02 v2.0n Standard LaTeX package
)) (/usr/local/texlive/2021/texmf-dist/tex/latex/microtype/microtype.sty
Package: microtype 2021/03/14 v2.8c Micro-typographical refinements (RS)
(/usr/local/texlive/2021/texmf-dist/tex/latex/graphics/keyval.sty
Package: keyval 2014/10/28 v1.15 key=value parser (DPC)
\KV@toks@=\toks20
)
\MT@toks=\toks21
\MT@count=\count283
LaTeX Info: Redefining \textls on input line 790.
\MT@outer@kern=\dimen151
LaTeX Info: Redefining \textmicrotypecontext on input line 1374.
\MT@listname@count=\count284
(/usr/local/texlive/2021/texmf-dist/tex/latex/microtype/microtype-xetex.def
File: microtype-xetex.def 2021/03/14 v2.8c Definitions specific to xetex (RS)
LaTeX Info: Redefining \lsstyle on input line 254.
)
Package microtype Info: Loading configuration file microtype.cfg.
(/usr/local/texlive/2021/texmf-dist/tex/latex/microtype/microtype.cfg
File: microtype.cfg 2021/03/14 v2.8c microtype main configuration file (RS)
)) (/usr/local/texlive/2021/texmf-dist/tex/latex/parskip/parskip.sty
Package: parskip 2021-03-14 v2.0h non-zero parskip adjustments
(/usr/local/texlive/2021/texmf-dist/tex/latex/kvoptions/kvoptions.sty
Package: kvoptions 2020-10-07 v3.14 Key value format for package options (HO)
(/usr/local/texlive/2021/texmf-dist/tex/generic/ltxcmds/ltxcmds.sty
Package: ltxcmds 2020-05-10 v1.25 LaTeX kernel commands for general use (HO)
) (/usr/local/texlive/2021/texmf-dist/tex/generic/kvsetkeys/kvsetkeys.sty
Package: kvsetkeys 2019/12/15 v1.18 Key value parser (HO)
)) (/usr/local/texlive/2021/texmf-dist/tex/latex/etoolbox/etoolbox.sty
Package: etoolbox 2020/10/05 v2.5k e-TeX tools for LaTeX (JAW)
\etb@tempcnta=\count285
)) (/usr/local/texlive/2021/texmf-dist/tex/latex/xcolor/xcolor.sty
Package: xcolor 2016/05/11 v2.12 LaTeX color extensions (UK)
(/usr/local/texlive/2021/texmf-dist/tex/latex/graphics-cfg/color.cfg
File: color.cfg 2016/01/02 v1.6 sample color configuration
)
Package xcolor Info: Driver file: xetex.def on input line 225.
(/usr/local/texlive/2021/texmf-dist/tex/latex/graphics-def/xetex.def
File: xetex.def 2021/03/18 v5.0k Graphics/color driver for xetex
)
Package xcolor Info: Model `cmy' substituted by `cmy0' on input line 1348.
Package xcolor Info: Model `RGB' extended on input line 1364.
Package xcolor Info: Model `HTML' substituted by `rgb' on input line 1366.
Package xcolor Info: Model `Hsb' substituted by `hsb' on input line 1367.
Package xcolor Info: Model `tHsb' substituted by `hsb' on input line 1368.
Package xcolor Info: Model `HSB' substituted by `hsb' on input line 1369.
Package xcolor Info: Model `Gray' substituted by `gray' on input line 1370.
Package xcolor Info: Model `wave' substituted by `hsb' on input line 1371.
) (/usr/local/texlive/2021/texmf-dist/tex/latex/xurl/xurl.sty
Package: xurl 2020/12/30 v 0.09a modify URL breaks
(/usr/local/texlive/2021/texmf-dist/tex/latex/url/url.sty
\Urlmuskip=\muskip18
Package: url 2013/09/16  ver 3.4  Verb mode for urls, etc.
)) (/usr/local/texlive/2021/texmf-dist/tex/latex/bookmark/bookmark.sty
Package: bookmark 2020-11-06 v1.29 PDF bookmarks (HO)
(/usr/local/texlive/2021/texmf-dist/tex/latex/hyperref/hyperref.sty
Package: hyperref 2021-02-27 v7.00k Hypertext links for LaTeX
(/usr/local/texlive/2021/texmf-dist/tex/generic/pdftexcmds/pdftexcmds.sty
Package: pdftexcmds 2020-06-27 v0.33 Utility functions of pdfTeX for LuaTeX (HO
)
(/usr/local/texlive/2021/texmf-dist/tex/generic/infwarerr/infwarerr.sty
Package: infwarerr 2019/12/03 v1.5 Providing info/warning/error messages (HO)
)
Package pdftexcmds Info: \pdf@primitive is available.
Package pdftexcmds Info: \pdf@ifprimitive is available.
Package pdftexcmds Info: \pdfdraftmode not found.
) (/usr/local/texlive/2021/texmf-dist/tex/generic/kvdefinekeys/kvdefinekeys.sty
Package: kvdefinekeys 2019-12-19 v1.6 Define keys (HO)
) (/usr/local/texlive/2021/texmf-dist/tex/generic/pdfescape/pdfescape.sty
Package: pdfescape 2019/12/09 v1.15 Implements pdfTeX's escape features (HO)
) (/usr/local/texlive/2021/texmf-dist/tex/latex/hycolor/hycolor.sty
Package: hycolor 2020-01-27 v1.10 Color options for hyperref/bookmark (HO)
) (/usr/local/texlive/2021/texmf-dist/tex/latex/letltxmacro/letltxmacro.sty
Package: letltxmacro 2019/12/03 v1.6 Let assignment for LaTeX macros (HO)
) (/usr/local/texlive/2021/texmf-dist/tex/latex/auxhook/auxhook.sty
Package: auxhook 2019-12-17 v1.6 Hooks for auxiliary files (HO)
)
\@linkdim=\dimen152
\Hy@linkcounter=\count286
\Hy@pagecounter=\count287
(/usr/local/texlive/2021/texmf-dist/tex/latex/hyperref/pd1enc.def
File: pd1enc.def 2021-02-27 v7.00k Hyperref: PDFDocEncoding definition (HO)
)
(/usr/local/texlive/2021/texmf-dist/tex/latex/hyperref/hyperref-langpatches.def
File: hyperref-langpatches.def 2021-02-27 v7.00k Hyperref: patches for babel la
nguages
) (/usr/local/texlive/2021/texmf-dist/tex/generic/intcalc/intcalc.sty
Package: intcalc 2019/12/15 v1.3 Expandable calculations with integers (HO)
) (/usr/local/texlive/2021/texmf-dist/tex/generic/etexcmds/etexcmds.sty
Package: etexcmds 2019/12/15 v1.7 Avoid name clashes with e-TeX commands (HO)
)
\Hy@SavedSpaceFactor=\count288
(/usr/local/texlive/2021/texmf-dist/tex/latex/hyperref/puenc.def
File: puenc.def 2021-02-27 v7.00k Hyperref: PDF Unicode definition (HO)
)
Package hyperref Info: Option `unicode' set `true' on input line 4073.
Package hyperref Info: Hyper figures OFF on input line 4192.
Package hyperref Info: Link nesting OFF on input line 4197.
Package hyperref Info: Hyper index ON on input line 4200.
Package hyperref Info: Plain pages OFF on input line 4207.
Package hyperref Info: Backreferencing OFF on input line 4212.
Package hyperref Info: Implicit mode ON; LaTeX internals redefined.
Package hyperref Info: Bookmarks ON on input line 4445.
\c@Hy@tempcnt=\count289
LaTeX Info: Redefining \url on input line 4804.
\XeTeXLinkMargin=\dimen153
(/usr/local/texlive/2021/texmf-dist/tex/generic/bitset/bitset.sty
Package: bitset 2019/12/09 v1.3 Handle bit-vector datatype (HO)
(/usr/local/texlive/2021/texmf-dist/tex/generic/bigintcalc/bigintcalc.sty
Package: bigintcalc 2019/12/15 v1.5 Expandable calculations on big integers (HO
)
))
\Fld@menulength=\count290
\Field@Width=\dimen154
\Fld@charsize=\dimen155
Package hyperref Info: Hyper figures OFF on input line 6075.
Package hyperref Info: Link nesting OFF on input line 6080.
Package hyperref Info: Hyper index ON on input line 6083.
Package hyperref Info: backreferencing OFF on input line 6090.
Package hyperref Info: Link coloring OFF on input line 6095.
Package hyperref Info: Link coloring with OCG OFF on input line 6100.
Package hyperref Info: PDF/A mode OFF on input line 6105.
LaTeX Info: Redefining \ref on input line 6145.
LaTeX Info: Redefining \pageref on input line 6149.
(/usr/local/texlive/2021/texmf-dist/tex/latex/base/atbegshi-ltx.sty
Package: atbegshi-ltx 2020/08/17 v1.0a Emulation of the original atbegshi packa
ge
with kernel methods
)
\Hy@abspage=\count291
\c@Item=\count292
\c@Hfootnote=\count293
)
Package hyperref Info: Driver (autodetected): hxetex.
(/usr/local/texlive/2021/texmf-dist/tex/latex/hyperref/hxetex.def
File: hxetex.def 2021-02-27 v7.00k Hyperref driver for XeTeX
(/usr/local/texlive/2021/texmf-dist/tex/generic/stringenc/stringenc.sty
Package: stringenc 2019/11/29 v1.12 Convert strings between diff. encodings (HO
)
)
\pdfm@box=\box50
\c@Hy@AnnotLevel=\count294
\HyField@AnnotCount=\count295
\Fld@listcount=\count296
\c@bookmark@seq@number=\count297

(/usr/local/texlive/2021/texmf-dist/tex/latex/rerunfilecheck/rerunfilecheck.sty
Package: rerunfilecheck 2019/12/05 v1.9 Rerun checks for auxiliary files (HO)
(/usr/local/texlive/2021/texmf-dist/tex/latex/base/atveryend-ltx.sty
Package: atveryend-ltx 2020/08/19 v1.0a Emulation of the original atvery packag
e
with kernel methods
)
(/usr/local/texlive/2021/texmf-dist/tex/generic/uniquecounter/uniquecounter.sty
Package: uniquecounter 2019/12/15 v1.4 Provide unlimited unique counter (HO)
)
Package uniquecounter Info: New unique counter `rerunfilecheck' on input line 2
86.
)
\Hy@SectionHShift=\skip52
) (/usr/local/texlive/2021/texmf-dist/tex/latex/bookmark/bkm-dvipdfm.def
File: bkm-dvipdfm.def 2020-11-06 v1.29 bookmark driver for dvipdfm (HO)
\BKM@id=\count298
)) (/usr/local/texlive/2021/texmf-dist/tex/latex/fancyvrb/fancyvrb.sty
Package: fancyvrb 2021/01/20 v3.7 verbatim text (tvz,hv)
\FV@CodeLineNo=\count299
\FV@InFile=\read2
\FV@TabBox=\box51
\c@FancyVerbLine=\count300
\FV@StepNumber=\count301
\FV@OutFile=\write3
) (/usr/local/texlive/2021/texmf-dist/tex/latex/framed/framed.sty
Package: framed 2011/10/22 v 0.96: framed or shaded text with page breaks
\OuterFrameSep=\skip53
\fb@frw=\dimen156
\fb@frh=\dimen157
\FrameRule=\dimen158
\FrameSep=\dimen159
) (/usr/local/texlive/2021/texmf-dist/tex/latex/tools/longtable.sty
Package: longtable 2020/01/07 v4.13 Multi-page Table package (DPC)
\LTleft=\skip54
\LTright=\skip55
\LTpre=\skip56
\LTpost=\skip57
\LTchunksize=\count302
\LTcapwidth=\dimen160
\LT@head=\box52
\LT@firsthead=\box53
\LT@foot=\box54
\LT@lastfoot=\box55
\LT@cols=\count303
\LT@rows=\count304
\c@LT@tables=\count305
\c@LT@chunks=\count306
\LT@p@ftn=\toks22
) (/usr/local/texlive/2021/texmf-dist/tex/latex/booktabs/booktabs.sty
Package: booktabs 2020/01/12 v1.61803398 Publication quality tables
\heavyrulewidth=\dimen161
\lightrulewidth=\dimen162
\cmidrulewidth=\dimen163
\belowrulesep=\dimen164
\belowbottomsep=\dimen165
\aboverulesep=\dimen166
\abovetopsep=\dimen167
\cmidrulesep=\dimen168
\cmidrulekern=\dimen169
\defaultaddspace=\dimen170
\@cmidla=\count307
\@cmidlb=\count308
\@aboverulesep=\dimen171
\@belowrulesep=\dimen172
\@thisruleclass=\count309
\@lastruleclass=\count310
\@thisrulewidth=\dimen173
) (/usr/local/texlive/2021/texmf-dist/tex/latex/tools/array.sty
Package: array 2020/10/01 v2.5c Tabular extension package (FMi)
\col@sep=\dimen174
\ar@mcellbox=\box56
\extrarowheight=\dimen175
\NC@list=\toks23
\extratabsurround=\skip58
\backup@length=\skip59
\ar@cellbox=\box57
) (/usr/local/texlive/2021/texmf-dist/tex/latex/tools/calc.sty
Package: calc 2017/05/25 v4.3 Infix arithmetic (KKT,FJ)
\calc@Acount=\count311
\calc@Bcount=\count312
\calc@Adimen=\dimen176
\calc@Bdimen=\dimen177
\calc@Askip=\skip60
\calc@Bskip=\skip61
LaTeX Info: Redefining \setlength on input line 80.
LaTeX Info: Redefining \addtolength on input line 81.
\calc@Ccount=\count313
\calc@Cskip=\skip62
) (/usr/local/texlive/2021/texmf-dist/tex/latex/footnotehyper/footnotehyper.sty
Package: footnotehyper 2021/02/04 v1.1d hyperref aware footnote.sty (JFB)
\FNH@notes=\box58
\FNH@width=\dimen178
\FNH@toks=\toks24
) (/usr/local/texlive/2021/texmf-dist/tex/latex/graphics/graphicx.sty
Package: graphicx 2020/09/09 v1.2b Enhanced LaTeX Graphics (DPC,SPQR)
(/usr/local/texlive/2021/texmf-dist/tex/latex/graphics/graphics.sty
Package: graphics 2020/08/30 v1.4c Standard LaTeX Graphics (DPC,SPQR)
(/usr/local/texlive/2021/texmf-dist/tex/latex/graphics/trig.sty
Package: trig 2016/01/03 v1.10 sin cos tan (DPC)
) (/usr/local/texlive/2021/texmf-dist/tex/latex/graphics-cfg/graphics.cfg
File: graphics.cfg 2016/06/04 v1.11 sample graphics configuration
)
Package graphics Info: Driver file: xetex.def on input line 105.
)
\Gin@req@height=\dimen179
\Gin@req@width=\dimen180
) (/usr/local/texlive/2021/texmf-dist/tex/latex/natbib/natbib.sty
Package: natbib 2010/09/13 8.31b (PWD, AO)
\bibhang=\skip63
\bibsep=\skip64
LaTeX Info: Redefining \cite on input line 694.
\c@NAT@ctr=\count314
) (./r4bes.aux)
\openout1 = `r4bes.aux'.

LaTeX Font Info:    Checking defaults for OML/cmm/m/it on input line 122.
LaTeX Font Info:    ... okay on input line 122.
LaTeX Font Info:    Checking defaults for OMS/cmsy/m/n on input line 122.
LaTeX Font Info:    ... okay on input line 122.
LaTeX Font Info:    Checking defaults for OT1/cmr/m/n on input line 122.
LaTeX Font Info:    ... okay on input line 122.
LaTeX Font Info:    Checking defaults for T1/cmr/m/n on input line 122.
LaTeX Font Info:    ... okay on input line 122.
LaTeX Font Info:    Checking defaults for TS1/cmr/m/n on input line 122.
LaTeX Font Info:    ... okay on input line 122.
LaTeX Font Info:    Checking defaults for TU/lmr/m/n on input line 122.
LaTeX Font Info:    ... okay on input line 122.
LaTeX Font Info:    Checking defaults for OMX/cmex/m/n on input line 122.
LaTeX Font Info:    ... okay on input line 122.
LaTeX Font Info:    Checking defaults for U/cmr/m/n on input line 122.
LaTeX Font Info:    ... okay on input line 122.
LaTeX Font Info:    Checking defaults for PD1/pdf/m/n on input line 122.
LaTeX Font Info:    ... okay on input line 122.
LaTeX Font Info:    Checking defaults for PU/pdf/m/n on input line 122.
LaTeX Font Info:    ... okay on input line 122.
LaTeX Font Info:    Overwriting math alphabet `\mathrm' in version `normal'
(Font)                  OT1/lmr/m/n --> TU/lmr/m/n on input line 122.
LaTeX Font Info:    Overwriting math alphabet `\mathit' in version `normal'
(Font)                  OT1/lmr/m/it --> TU/lmr/m/it on input line 122.
LaTeX Font Info:    Overwriting math alphabet `\mathbf' in version `normal'
(Font)                  OT1/lmr/bx/n --> TU/lmr/bx/n on input line 122.
LaTeX Font Info:    Overwriting math alphabet `\mathsf' in version `normal'
(Font)                  OT1/lmss/m/n --> TU/lmss/m/n on input line 122.
LaTeX Font Info:    Overwriting math alphabet `\mathsf' in version `bold'
(Font)                  OT1/lmss/bx/n --> TU/lmss/bx/n on input line 122.
LaTeX Font Info:    Overwriting math alphabet `\mathtt' in version `normal'
(Font)                  OT1/lmtt/m/n --> TU/lmtt/m/n on input line 122.
LaTeX Font Info:    Overwriting math alphabet `\mathtt' in version `bold'
(Font)                  OT1/lmtt/m/n --> TU/lmtt/bx/n on input line 122.

Package fontspec Info: latinmodern-math scale = 0.9999964596882403.


Package fontspec Info: latinmodern-math scale = 0.9999964596882403.


Package fontspec Info: latinmodern-math scale = 0.9999964596882403.


Package fontspec Info: Font family 'latinmodern-math.otf(0)' created for font
(fontspec)             'latinmodern-math.otf' with options
(fontspec)             [Scale=MatchLowercase,BoldItalicFont={},ItalicFont={},Sm
allCapsFont={},Script=Math,BoldFont={latinmodern-math.otf}].
(fontspec)              
(fontspec)              This font family consists of the following NFSS
(fontspec)             series/shapes:
(fontspec)              
(fontspec)             - 'normal' (m/n) with NFSS spec.:
(fontspec)             <->s*[0.9999964596882403]"[latinmodern-math.otf]/OT:scri
pt=math;language=dflt;"
(fontspec)             - 'small caps'  (m/sc) with NFSS spec.: 
(fontspec)             - 'bold' (b/n) with NFSS spec.:
(fontspec)             <->s*[0.9999964596882403]"[latinmodern-math.otf]/OT:scri
pt=math;language=dflt;"
(fontspec)             - 'bold small caps'  (b/sc) with NFSS spec.: 

LaTeX Font Info:    Font shape `TU/latinmodern-math.otf(0)/m/n' will be
(Font)              scaled to size 10.0pt on input line 122.

Package fontspec Info: latinmodern-math scale = 0.9999964596882403.


Package fontspec Info: latinmodern-math scale = 0.9999964596882403.


Package fontspec Info: latinmodern-math scale = 0.9999964596882403.


Package fontspec Info: latinmodern-math scale = 0.9999964596882403.


Package fontspec Info: latinmodern-math scale = 0.9999964596882403.


Package fontspec Info: Font family 'latinmodern-math.otf(1)' created for font
(fontspec)             'latinmodern-math.otf' with options
(fontspec)             [Scale=MatchLowercase,BoldItalicFont={},ItalicFont={},Sm
allCapsFont={},Script=Math,SizeFeatures={{Size=8.5-},{Size=6-8.5,Font=latinmode
rn-math.otf,Style=MathScript},{Size=-6,Font=latinmodern-math.otf,Style=MathScri
ptScript}},BoldFont={latinmodern-math.otf}].
(fontspec)              
(fontspec)              This font family consists of the following NFSS
(fontspec)             series/shapes:
(fontspec)              
(fontspec)             - 'normal' (m/n) with NFSS spec.:
(fontspec)             <8.5->s*[0.9999964596882403]"[latinmodern-math.otf]/OT:s
cript=math;language=dflt;"<6-8.5>s*[0.9999964596882403]"[latinmodern-math.otf]/
OT:script=math;language=dflt;+ssty=0;"<-6>s*[0.9999964596882403]"[latinmodern-m
ath.otf]/OT:script=math;language=dflt;+ssty=1;"
(fontspec)             - 'small caps'  (m/sc) with NFSS spec.: 
(fontspec)             - 'bold' (b/n) with NFSS spec.:
(fontspec)             <->s*[0.9999964596882403]"[latinmodern-math.otf]/OT:scri
pt=math;language=dflt;"
(fontspec)             - 'bold small caps'  (b/sc) with NFSS spec.: 

LaTeX Font Info:    Font shape `TU/latinmodern-math.otf(1)/m/n' will be
(Font)              scaled to size 10.0pt on input line 122.
LaTeX Font Info:    Encoding `OT1' has changed to `TU' for symbol font
(Font)              `operators' in the math version `normal' on input line 122.

LaTeX Font Info:    Overwriting symbol font `operators' in version `normal'
(Font)                  OT1/lmr/m/n --> TU/latinmodern-math.otf(1)/m/n on input
 line 122.
LaTeX Font Info:    Encoding `OT1' has changed to `TU' for symbol font
(Font)              `operators' in the math version `bold' on input line 122.
LaTeX Font Info:    Overwriting symbol font `operators' in version `bold'
(Font)                  OT1/lmr/bx/n --> TU/latinmodern-math.otf(1)/b/n on inpu
t line 122.

Package fontspec Info: latinmodern-math scale = 0.9999964596882403.


Package fontspec Info: latinmodern-math scale = 1.000096459334209.


Package fontspec Info: latinmodern-math scale = 0.9999964596882403.


Package fontspec Info: latinmodern-math scale = 1.000096459334209.


Package fontspec Info: latinmodern-math scale = 0.9999964596882403.


Package fontspec Info: latinmodern-math scale = 1.000096459334209.


Package fontspec Info: latinmodern-math scale = 0.9999964596882403.


Package fontspec Info: latinmodern-math scale = 1.000096459334209.


Package fontspec Info: latinmodern-math scale = 0.9999964596882403.


Package fontspec Info: latinmodern-math scale = 1.000096459334209.


Package fontspec Info: Font family 'latinmodern-math.otf(2)' created for font
(fontspec)             'latinmodern-math.otf' with options
(fontspec)             [Scale=MatchLowercase,BoldItalicFont={},ItalicFont={},Sm
allCapsFont={},Script=Math,SizeFeatures={{Size=8.5-},{Size=6-8.5,Font=latinmode
rn-math.otf,Style=MathScript},{Size=-6,Font=latinmodern-math.otf,Style=MathScri
ptScript}},BoldFont={latinmodern-math.otf},ScaleAgain=1.0001,FontAdjustment={\f
ontdimen
(fontspec)             8\font =6.77pt\relax \fontdimen 9\font =3.94pt\relax
(fontspec)             \fontdimen 10\font =4.44pt\relax \fontdimen 11\font
(fontspec)             =6.86pt\relax \fontdimen 12\font =3.45pt\relax
(fontspec)             \fontdimen 13\font =3.63pt\relax \fontdimen 14\font
(fontspec)             =3.63pt\relax \fontdimen 15\font =2.89pt\relax
(fontspec)             \fontdimen 16\font =2.47pt\relax \fontdimen 17\font
(fontspec)             =2.47pt\relax \fontdimen 18\font =2.5pt\relax
(fontspec)             \fontdimen 19\font =2.0pt\relax \fontdimen 22\font
(fontspec)             =2.5pt\relax \fontdimen 20\font =0pt\relax \fontdimen
(fontspec)             21\font =0pt\relax }].
(fontspec)              
(fontspec)              This font family consists of the following NFSS
(fontspec)             series/shapes:
(fontspec)              
(fontspec)             - 'normal' (m/n) with NFSS spec.:
(fontspec)             <8.5->s*[1.000096459334209]"[latinmodern-math.otf]/OT:sc
ript=math;language=dflt;"<6-8.5>s*[1.000096459334209]"[latinmodern-math.otf]/OT
:script=math;language=dflt;+ssty=0;"<-6>s*[1.000096459334209]"[latinmodern-math
.otf]/OT:script=math;language=dflt;+ssty=1;"
(fontspec)             - 'small caps'  (m/sc) with NFSS spec.: 
(fontspec)             and font adjustment code:
(fontspec)             \fontdimen 8\font =6.77pt\relax \fontdimen 9\font
(fontspec)             =3.94pt\relax \fontdimen 10\font =4.44pt\relax
(fontspec)             \fontdimen 11\font =6.86pt\relax \fontdimen 12\font
(fontspec)             =3.45pt\relax \fontdimen 13\font =3.63pt\relax
(fontspec)             \fontdimen 14\font =3.63pt\relax \fontdimen 15\font
(fontspec)             =2.89pt\relax \fontdimen 16\font =2.47pt\relax
(fontspec)             \fontdimen 17\font =2.47pt\relax \fontdimen 18\font
(fontspec)             =2.5pt\relax \fontdimen 19\font =2.0pt\relax \fontdimen
(fontspec)             22\font =2.5pt\relax \fontdimen 20\font =0pt\relax
(fontspec)             \fontdimen 21\font =0pt\relax 
(fontspec)             - 'bold' (b/n) with NFSS spec.:
(fontspec)             <->s*[1.000096459334209]"[latinmodern-math.otf]/OT:scrip
t=math;language=dflt;"
(fontspec)             - 'bold small caps'  (b/sc) with NFSS spec.: 
(fontspec)             and font adjustment code:
(fontspec)             \fontdimen 8\font =6.77pt\relax \fontdimen 9\font
(fontspec)             =3.94pt\relax \fontdimen 10\font =4.44pt\relax
(fontspec)             \fontdimen 11\font =6.86pt\relax \fontdimen 12\font
(fontspec)             =3.45pt\relax \fontdimen 13\font =3.63pt\relax
(fontspec)             \fontdimen 14\font =3.63pt\relax \fontdimen 15\font
(fontspec)             =2.89pt\relax \fontdimen 16\font =2.47pt\relax
(fontspec)             \fontdimen 17\font =2.47pt\relax \fontdimen 18\font
(fontspec)             =2.5pt\relax \fontdimen 19\font =2.0pt\relax \fontdimen
(fontspec)             22\font =2.5pt\relax \fontdimen 20\font =0pt\relax
(fontspec)             \fontdimen 21\font =0pt\relax 

LaTeX Font Info:    Encoding `OMS' has changed to `TU' for symbol font
(Font)              `symbols' in the math version `normal' on input line 122.
LaTeX Font Info:    Overwriting symbol font `symbols' in version `normal'
(Font)                  OMS/lmsy/m/n --> TU/latinmodern-math.otf(2)/m/n on inpu
t line 122.
LaTeX Font Info:    Encoding `OMS' has changed to `TU' for symbol font
(Font)              `symbols' in the math version `bold' on input line 122.
LaTeX Font Info:    Overwriting symbol font `symbols' in version `bold'
(Font)                  OMS/lmsy/b/n --> TU/latinmodern-math.otf(2)/b/n on inpu
t line 122.

Package fontspec Info: latinmodern-math scale = 0.9999964596882403.


Package fontspec Info: latinmodern-math scale = 0.9998964600422715.


Package fontspec Info: latinmodern-math scale = 0.9999964596882403.


Package fontspec Info: latinmodern-math scale = 0.9998964600422715.


Package fontspec Info: latinmodern-math scale = 0.9999964596882403.


Package fontspec Info: latinmodern-math scale = 0.9998964600422715.


Package fontspec Info: latinmodern-math scale = 0.9999964596882403.


Package fontspec Info: latinmodern-math scale = 0.9998964600422715.


Package fontspec Info: latinmodern-math scale = 0.9999964596882403.


Package fontspec Info: latinmodern-math scale = 0.9998964600422715.


Package fontspec Info: Font family 'latinmodern-math.otf(3)' created for font
(fontspec)             'latinmodern-math.otf' with options
(fontspec)             [Scale=MatchLowercase,BoldItalicFont={},ItalicFont={},Sm
allCapsFont={},Script=Math,SizeFeatures={{Size=8.5-},{Size=6-8.5,Font=latinmode
rn-math.otf,Style=MathScript},{Size=-6,Font=latinmodern-math.otf,Style=MathScri
ptScript}},BoldFont={latinmodern-math.otf},ScaleAgain=0.9999,FontAdjustment={\f
ontdimen
(fontspec)             8\font =0.4pt\relax \fontdimen 9\font =2.0pt\relax
(fontspec)             \fontdimen 10\font =1.67pt\relax \fontdimen 11\font
(fontspec)             =1.11pt\relax \fontdimen 12\font =6.0pt\relax
(fontspec)             \fontdimen 13\font =0pt\relax }].
(fontspec)              
(fontspec)              This font family consists of the following NFSS
(fontspec)             series/shapes:
(fontspec)              
(fontspec)             - 'normal' (m/n) with NFSS spec.:
(fontspec)             <8.5->s*[0.9998964600422715]"[latinmodern-math.otf]/OT:s
cript=math;language=dflt;"<6-8.5>s*[0.9998964600422715]"[latinmodern-math.otf]/
OT:script=math;language=dflt;+ssty=0;"<-6>s*[0.9998964600422715]"[latinmodern-m
ath.otf]/OT:script=math;language=dflt;+ssty=1;"
(fontspec)             - 'small caps'  (m/sc) with NFSS spec.: 
(fontspec)             and font adjustment code:
(fontspec)             \fontdimen 8\font =0.4pt\relax \fontdimen 9\font
(fontspec)             =2.0pt\relax \fontdimen 10\font =1.67pt\relax
(fontspec)             \fontdimen 11\font =1.11pt\relax \fontdimen 12\font
(fontspec)             =6.0pt\relax \fontdimen 13\font =0pt\relax 
(fontspec)             - 'bold' (b/n) with NFSS spec.:
(fontspec)             <->s*[0.9998964600422715]"[latinmodern-math.otf]/OT:scri
pt=math;language=dflt;"
(fontspec)             - 'bold small caps'  (b/sc) with NFSS spec.: 
(fontspec)             and font adjustment code:
(fontspec)             \fontdimen 8\font =0.4pt\relax \fontdimen 9\font
(fontspec)             =2.0pt\relax \fontdimen 10\font =1.67pt\relax
(fontspec)             \fontdimen 11\font =1.11pt\relax \fontdimen 12\font
(fontspec)             =6.0pt\relax \fontdimen 13\font =0pt\relax 

LaTeX Font Info:    Encoding `OMX' has changed to `TU' for symbol font
(Font)              `largesymbols' in the math version `normal' on input line 1
22.
LaTeX Font Info:    Overwriting symbol font `largesymbols' in version `normal'
(Font)                  OMX/lmex/m/n --> TU/latinmodern-math.otf(3)/m/n on inpu
t line 122.
LaTeX Font Info:    Encoding `OMX' has changed to `TU' for symbol font
(Font)              `largesymbols' in the math version `bold' on input line 122
.
LaTeX Font Info:    Overwriting symbol font `largesymbols' in version `bold'
(Font)                  OMX/lmex/m/n --> TU/latinmodern-math.otf(3)/b/n on inpu
t line 122.
LaTeX Info: Redefining \microtypecontext on input line 122.
Package microtype Info: Character protrusion enabled (level 2).
Package microtype Info: Using protrusion set `basicmath'.
Package microtype Info: No adjustment of tracking.
Package microtype Info: No adjustment of spacing.
Package microtype Info: No adjustment of kerning.

(/usr/local/texlive/2021/texmf-dist/tex/latex/microtype/mt-LatinModernRoman.cfg
File: mt-LatinModernRoman.cfg 2021/02/21 v1.1 microtype config. file: Latin Mod
ern Roman (RS)
)
Package hyperref Info: Link coloring OFF on input line 122.
(/usr/local/texlive/2021/texmf-dist/tex/latex/hyperref/nameref.sty
Package: nameref 2021-04-02 v2.47 Cross-referencing by name of section
(/usr/local/texlive/2021/texmf-dist/tex/latex/refcount/refcount.sty
Package: refcount 2019/12/15 v3.6 Data extraction from label references (HO)
)
(/usr/local/texlive/2021/texmf-dist/tex/generic/gettitlestring/gettitlestring.s
ty
Package: gettitlestring 2019/12/15 v1.6 Cleanup title references (HO)
)
\c@section@level=\count315
)
LaTeX Info: Redefining \ref on input line 122.
LaTeX Info: Redefining \pageref on input line 122.
LaTeX Info: Redefining \nameref on input line 122.
LaTeX Font Info:    Font shape `TU/latinmodern-math.otf(1)/m/n' will be
(Font)              scaled to size 12.0pt on input line 124.
LaTeX Font Info:    Font shape `TU/latinmodern-math.otf(1)/m/n' will be
(Font)              scaled to size 8.0pt on input line 124.
LaTeX Font Info:    Font shape `TU/latinmodern-math.otf(1)/m/n' will be
(Font)              scaled to size 6.0pt on input line 124.
LaTeX Font Info:    Trying to load font information for OML+lmm on input line 1
24.
(/usr/local/texlive/2021/texmf-dist/tex/latex/lm/omllmm.fd
File: omllmm.fd 2015/05/01 v1.6.1 Font defs for Latin Modern
)
LaTeX Font Info:    Font shape `TU/latinmodern-math.otf(2)/m/n' will be
(Font)              scaled to size 12.0011pt on input line 124.
LaTeX Font Info:    Font shape `TU/latinmodern-math.otf(2)/m/n' will be
(Font)              scaled to size 8.00073pt on input line 124.
LaTeX Font Info:    Font shape `TU/latinmodern-math.otf(2)/m/n' will be
(Font)              scaled to size 6.00055pt on input line 124.
LaTeX Font Info:    Font shape `TU/latinmodern-math.otf(3)/m/n' will be
(Font)              scaled to size 11.99872pt on input line 124.
LaTeX Font Info:    Font shape `TU/latinmodern-math.otf(3)/m/n' will be
(Font)              scaled to size 7.99915pt on input line 124.
LaTeX Font Info:    Font shape `TU/latinmodern-math.otf(3)/m/n' will be
(Font)              scaled to size 5.99936pt on input line 124.
LaTeX Font Info:    Trying to load font information for U+msa on input line 124
.
(/usr/local/texlive/2021/texmf-dist/tex/latex/amsfonts/umsa.fd
File: umsa.fd 2013/01/14 v3.01 AMS symbols A
) (/usr/local/texlive/2021/texmf-dist/tex/latex/microtype/mt-msa.cfg
File: mt-msa.cfg 2006/02/04 v1.1 microtype config. file: AMS symbols (a) (RS)
)
LaTeX Font Info:    Trying to load font information for U+msb on input line 124
.
(/usr/local/texlive/2021/texmf-dist/tex/latex/amsfonts/umsb.fd
File: umsb.fd 2013/01/14 v3.01 AMS symbols B
) (/usr/local/texlive/2021/texmf-dist/tex/latex/microtype/mt-msb.cfg
File: mt-msb.cfg 2005/06/01 v1.0 microtype config. file: AMS symbols (b) (RS)
) [1


] [2

] (./r4bes.toc
LaTeX Font Info:    Font shape `TU/latinmodern-math.otf(1)/m/n' will be
(Font)              scaled to size 7.0pt on input line 2.
LaTeX Font Info:    Font shape `TU/latinmodern-math.otf(1)/m/n' will be
(Font)              scaled to size 5.0pt on input line 2.
LaTeX Font Info:    Font shape `TU/latinmodern-math.otf(2)/m/n' will be
(Font)              scaled to size 10.00092pt on input line 2.
LaTeX Font Info:    Font shape `TU/latinmodern-math.otf(2)/m/n' will be
(Font)              scaled to size 7.00064pt on input line 2.
LaTeX Font Info:    Font shape `TU/latinmodern-math.otf(2)/m/n' will be
(Font)              scaled to size 5.00046pt on input line 2.
LaTeX Font Info:    Font shape `TU/latinmodern-math.otf(3)/m/n' will be
(Font)              scaled to size 9.99893pt on input line 2.
LaTeX Font Info:    Font shape `TU/latinmodern-math.otf(3)/m/n' will be
(Font)              scaled to size 6.99925pt on input line 2.
LaTeX Font Info:    Font shape `TU/latinmodern-math.otf(3)/m/n' will be
(Font)              scaled to size 4.99947pt on input line 2.
[3] [4])
\tf@toc=\write4
\openout4 = `r4bes.toc'.

[5] [6

] [7]
File: figures/rstudio_console.png Graphic file (type bmp)
<figures/rstudio_console.png>

Underfull \vbox (badness 10000) has occurred while \output is active []

[8]
Underfull \vbox (badness 10000) has occurred while \output is active []

[9]
LaTeX Font Info:    Font shape `TU/lmtt/bx/n' in size <10> not available
(Font)              Font shape `TU/lmtt/b/n' tried instead on input line 250.

LaTeX Font Warning: Font shape `TU/lmtt/bx/it' in size <10> not available
(Font)              Font shape `TU/lmtt/b/sl' tried instead on input line 250.

[10]
File: figures/create_project.png Graphic file (type bmp)
<figures/create_project.png>
File: figures/script.png Graphic file (type bmp)
<figures/script.png>

Underfull \vbox (badness 10000) has occurred while \output is active []

[11]
Overfull \hbox (26.68091pt too wide) in paragraph at lines 301--302
\TU/lmr/m/n/10 DOE medium office energy model (i.e., \TU/lmtt/m/n/10 RefBldgMed
iumOfficeNew2004_Chicago.idf\TU/lmr/m/n/10 ).
 []

[12]
File: figures/file_structure.png Graphic file (type bmp)
<figures/file_structure.png>

Underfull \vbox (badness 2150) has occurred while \output is active []

[13]
File: figures/indent_space.png Graphic file (type bmp)
<figures/indent_space.png>
File: figures/line_length.png Graphic file (type bmp)
<figures/line_length.png>

Underfull \vbox (badness 10000) has occurred while \output is active []

[14] [15] [16

] [17] [18]
Chapter 1.
[19

] [20

]
Chapter 2.
[21] [22]
Overfull \hbox (109.68005pt too wide) in alignment at lines 496--500
 [] [] [] 
 []


Overfull \hbox (109.68005pt too wide) in alignment at lines 500--508
 [] [] [] 
 []


Underfull \vbox (badness 1642) has occurred while \output is active []

[23] [24]
Underfull \vbox (badness 2837) has occurred while \output is active []

[25]
Overfull \vbox (1.52838pt too high) detected at line 696
 []

[26]
Underfull \vbox (badness 1412) has occurred while \output is active []

[27] [28] [29] [30] [31] [32] [33] [34

]
Chapter 3.
[35] [36] [37] [38

]
Chapter 4.
[39] [40]
Underfull \vbox (badness 10000) detected at line 1292
 []


Underfull \vbox (badness 10000) has occurred while \output is active []

[41] [42] [43] [44

]
Chapter 5.

Underfull \vbox (badness 2460) has occurred while \output is active []

[45]
Underfull \vbox (badness 1394) has occurred while \output is active []

[46] [47] [48]
Chapter 6.

LaTeX Warning: Reference `style' on page 49 undefined on input line 1536.

[49

] [50]
Chapter 7.
[51

]
LaTeX Font Info:    Font shape `TU/lmtt/bx/n' in size <12> not available
(Font)              Font shape `TU/lmtt/b/n' tried instead on input line 1680.
[52] [53]
Underfull \vbox (badness 6204) has occurred while \output is active []

[54]
Underfull \vbox (badness 10000) detected at line 1855
 []


Underfull \vbox (badness 10000) has occurred while \output is active []

[55]
Underfull \vbox (badness 1087) detected at line 1915
 []


Underfull \vbox (badness 1048) has occurred while \output is active []

[56] [57]
Underfull \vbox (badness 10000) detected at line 2047
 []


Underfull \vbox (badness 10000) has occurred while \output is active []

[58] [59] [60]
Underfull \hbox (badness 10000) in paragraph at lines 2139--2141
\TU/lmtt/m/n/10 and logarithms (\TU/lmr/m/n/10 log()\TU/lmtt/m/n/10 ,\TU/lmr/m/
n/10 log2()\TU/lmtt/m/n/10 , etc.) -\TU/lmr/m/n/10 lead()\TU/lmtt/m/n/10 and\TU
/lmr/m/n/10 lag()\TU/lmtt/m/n/10 , allowing you to
 []


Underfull \hbox (badness 10000) in paragraph at lines 2139--2141
\TU/lmtt/m/n/10 create lead and lag variables that are useful especially when
 []

[61] [62] [63]
File: figures/pipe.png Graphic file (type bmp)
<figures/pipe.png>
[64] [65] [66

] [67] [68]
Chapter 8.
[69

] [70

]
Chapter 9.

Overfull \hbox (119.90201pt too wide) in paragraph at lines 2367--2368
[]\TU/lmr/m/n/10 For your convenience, the model can be found at \TU/lmtt/m/n/1
0 ./data/idf/RefBldgMediumOfficeNew2004_Chicago.idf
 []


Overfull \hbox (11.54001pt too wide) in paragraph at lines 2367--2368
\TU/lmr/m/n/10 can be found at \TU/lmtt/m/n/10 ./data/epw/USA_IL_Chicago-OHare.
Intl.AP.725300_TMY3.epw
 []

[71]
Underfull \hbox (badness 1436) in paragraph at lines 2422--2423
\TU/lmr/m/n/10 You should check the SimulationControl and RunPeriod objects in 
En-
 []


Underfull \hbox (badness 2538) in paragraph at lines 2422--2423
\TU/lmr/m/n/10 ergyPlus before simulating the model. The SimulationControl obje
ct
 []


Underfull \hbox (badness 2409) in paragraph at lines 2422--2423
\TU/lmr/m/n/10 allows the user to specify the type of simulations that will be 
per-
 []


Underfull \hbox (badness 1199) in paragraph at lines 2422--2423
\TU/lmtt/m/n/10 Simulation for Weather File Run Periods \TU/lmr/m/n/10 field is
 \TU/lmtt/m/n/10 NO \TU/lmr/m/n/10 as illustrated in
 []

[72]
File: figures/sim_control.png Graphic file (type bmp)
<figures/sim_control.png>
File: figures/run_period.png Graphic file (type bmp)
<figures/run_period.png>
[73] [74]
Chapter 10.
[75

]
File: figures/tabular_data.png Graphic file (type bmp)
<figures/tabular_data.png>

Underfull \hbox (badness 1342) in paragraph at lines 2534--2535
\TU/lmr/m/n/10 method, which extracts all the EnergyPlus summary reports into a
 R
 []

[76] [77] [78]
Chapter 11.
[79

]
File: r4bes_files/figure-latex/unnamed-chunk-113-1.pdf Graphic file (type pdf)
<use r4bes_files/figure-latex/unnamed-chunk-113-1.pdf>

Underfull \vbox (badness 10000) has occurred while \output is active []

[80]
File: r4bes_files/figure-latex/unnamed-chunk-114-1.pdf Graphic file (type pdf)
<use r4bes_files/figure-latex/unnamed-chunk-114-1.pdf>

Underfull \vbox (badness 7522) has occurred while \output is active []

[81]
File: r4bes_files/figure-latex/unnamed-chunk-115-1.pdf Graphic file (type pdf)
<use r4bes_files/figure-latex/unnamed-chunk-115-1.pdf>
[82]
File: r4bes_files/figure-latex/unnamed-chunk-116-1.pdf Graphic file (type pdf)
<use r4bes_files/figure-latex/unnamed-chunk-116-1.pdf>
File: figures/brewer_set2.png Graphic file (type bmp)
<figures/brewer_set2.png>
File: figures/viridis.png Graphic file (type bmp)
<figures/viridis.png>

Overfull \hbox (39.1562pt too wide) in paragraph at lines 2761--2761
 [] 
 []


Underfull \vbox (badness 10000) has occurred while \output is active []

[83]
LaTeX Font Info:    Font shape `TU/lmtt/bx/n' in size <14.4> not available
(Font)              Font shape `TU/lmtt/b/n' tried instead on input line 2764.
[84] [85]
File: r4bes_files/figure-latex/unnamed-chunk-122-1.pdf Graphic file (type pdf)
<use r4bes_files/figure-latex/unnamed-chunk-122-1.pdf>
File: r4bes_files/figure-latex/unnamed-chunk-123-1.pdf Graphic file (type pdf)
<use r4bes_files/figure-latex/unnamed-chunk-123-1.pdf>

Underfull \vbox (badness 10000) has occurred while \output is active []

[86]
Underfull \hbox (badness 2334) in paragraph at lines 2850--2851
\TU/lmr/m/n/10 tively. Particularly, \TU/lmtt/m/n/10 scale_fill_brewer() \TU/lm
r/m/n/10 and \TU/lmtt/m/n/10 scale_fill_viridis()
 []

File: r4bes_files/figure-latex/unnamed-chunk-124-1.pdf Graphic file (type pdf)
<use r4bes_files/figure-latex/unnamed-chunk-124-1.pdf>

Underfull \vbox (badness 10000) has occurred while \output is active []

[87]
File: r4bes_files/figure-latex/unnamed-chunk-125-1.pdf Graphic file (type pdf)
<use r4bes_files/figure-latex/unnamed-chunk-125-1.pdf>

Underfull \vbox (badness 10000) has occurred while \output is active []

[88]
File: r4bes_files/figure-latex/unnamed-chunk-126-1.pdf Graphic file (type pdf)
<use r4bes_files/figure-latex/unnamed-chunk-126-1.pdf>

Underfull \vbox (badness 10000) has occurred while \output is active []

[89]
File: r4bes_files/figure-latex/unnamed-chunk-127-1.pdf Graphic file (type pdf)
<use r4bes_files/figure-latex/unnamed-chunk-127-1.pdf>

Underfull \vbox (badness 10000) has occurred while \output is active []

[90]
File: r4bes_files/figure-latex/unnamed-chunk-128-1.pdf Graphic file (type pdf)
<use r4bes_files/figure-latex/unnamed-chunk-128-1.pdf>

Underfull \vbox (badness 10000) has occurred while \output is active []

[91]
File: r4bes_files/figure-latex/unnamed-chunk-129-1.pdf Graphic file (type pdf)
<use r4bes_files/figure-latex/unnamed-chunk-129-1.pdf>

Underfull \vbox (badness 4832) has occurred while \output is active []

[92] [93]
File: r4bes_files/figure-latex/unnamed-chunk-132-1.pdf Graphic file (type pdf)
<use r4bes_files/figure-latex/unnamed-chunk-132-1.pdf>

Underfull \vbox (badness 1014) has occurred while \output is active []

[94]
File: r4bes_files/figure-latex/unnamed-chunk-133-1.pdf Graphic file (type pdf)
<use r4bes_files/figure-latex/unnamed-chunk-133-1.pdf>
File: r4bes_files/figure-latex/unnamed-chunk-134-1.pdf Graphic file (type pdf)
<use r4bes_files/figure-latex/unnamed-chunk-134-1.pdf>

Underfull \vbox (badness 2012) has occurred while \output is active []

[95]
File: r4bes_files/figure-latex/unnamed-chunk-135-1.pdf Graphic file (type pdf)
<use r4bes_files/figure-latex/unnamed-chunk-135-1.pdf>

Underfull \vbox (badness 10000) has occurred while \output is active []

[96]
Underfull \vbox (badness 10000) has occurred while \output is active []

[97] [98] [99

] [100]
Chapter 12.
[101

] [102

]
Chapter 13.

Underfull \hbox (badness 1360) in paragraph at lines 3100--3101
\TU/lmr/m/n/10 installation of EnergyPlus. You will find these documents within
 En-
 []


Underfull \hbox (badness 1142) in paragraph at lines 3100--3101
\TU/lmr/m/n/10 ergyPlus’s installation folder.By default, EnergyPlus will be in
stalled in
 []


Underfull \hbox (badness 2913) in paragraph at lines 3102--3103
[]\TU/lmr/m/n/10 I would highly recommend referring to the EnergyPlus input out
put
 []


Underfull \hbox (badness 10000) in paragraph at lines 3102--3103
\TU/lmr/m/n/10 reference (\TU/lmtt/m/n/10 [EnergyPlus installation folder] > Do
cumentation >
 []


Underfull \hbox (badness 2503) in paragraph at lines 3102--3103
\TU/lmtt/m/n/10 InputOutputReference.pdf\TU/lmr/m/n/10 ), which provides a thor
ough description of
 []

[103]
Underfull \hbox (badness 1655) in paragraph at lines 3104--3105
\TU/lmr/m/n/10 inquisitive mind, I would recommend reading the EnergyPlus engin
eer-
 []


Underfull \hbox (badness 10000) in paragraph at lines 3104--3105
\TU/lmr/m/n/10 ing reference (\TU/lmtt/m/n/10 [EnergyPlus installation folder] 
> Documentation >
 []

File: figures/group_class_field.png Graphic file (type bmp)
<figures/group_class_field.png>

Underfull \hbox (badness 2573) in paragraph at lines 3120--3121
\TU/lmtt/m/n/10 Elements \TU/lmr/m/n/10 in EnergyPlus. The \TU/lmtt/m/n/10 Surf
ace Construction Elements \TU/lmr/m/n/10 class
 []


Underfull \hbox (badness 4205) in paragraph at lines 3120--3121
\TU/lmr/m/n/10 groups consists of several classes that include the \TU/lmtt/m/n
/10 Material:NoMass\TU/lmr/m/n/10 ,
 []


Underfull \hbox (badness 2818) in paragraph at lines 3120--3121
\TU/lmtt/m/n/10 Material:AirGap\TU/lmr/m/n/10 , and the \TU/lmtt/m/n/10 WindowM
aterial:SimpleGalzingSystem \TU/lmr/m/n/10 class
 []

File: figures/input_structure.png Graphic file (type bmp)
<figures/input_structure.png>
[104]
File: figures/class_object.png Graphic file (type bmp)
<figures/class_object.png>

Overfull \vbox (165.39102pt too high) has occurred while \output is active []

[105] [106]
Missing character: There is no ├ (U+251C) in font [lmmonolt10-boldoblique]:!
Missing character: There is no ─ (U+2500) in font [lmmonolt10-boldoblique]:!
Missing character: There is no │ (U+2502) in font [lmmonolt10-boldoblique]:!
Missing character: There is no ─ (U+2500) in font [lmmonolt10-boldoblique]:!
Missing character: There is no │ (U+2502) in font [lmmonolt10-boldoblique]:!
Missing character: There is no ─ (U+2500) in font [lmmonolt10-boldoblique]:!
Missing character: There is no ├ (U+251C) in font [lmmonolt10-boldoblique]:!
Missing character: There is no ─ (U+2500) in font [lmmonolt10-boldoblique]:!
Missing character: There is no │ (U+2502) in font [lmmonolt10-boldoblique]:!
Missing character: There is no ─ (U+2500) in font [lmmonolt10-boldoblique]:!
Missing character: There is no │ (U+2502) in font [lmmonolt10-boldoblique]:!
Missing character: There is no ─ (U+2500) in font [lmmonolt10-boldoblique]:!
Missing character: There is no │ (U+2502) in font [lmmonolt10-boldoblique]:!
Missing character: There is no ─ (U+2500) in font [lmmonolt10-boldoblique]:!
Missing character: There is no │ (U+2502) in font [lmmonolt10-boldoblique]:!
Missing character: There is no ─ (U+2500) in font [lmmonolt10-boldoblique]:!
Missing character: There is no └ (U+2514) in font [lmmonolt10-boldoblique]:!
Missing character: There is no ─ (U+2500) in font [lmmonolt10-boldoblique]:!
[107]
Missing character: There is no ├ (U+251C) in font [lmmonolt10-boldoblique]:!
Missing character: There is no ─ (U+2500) in font [lmmonolt10-boldoblique]:!
Missing character: There is no │ (U+2502) in font [lmmonolt10-boldoblique]:!
Missing character: There is no ─ (U+2500) in font [lmmonolt10-boldoblique]:!
Missing character: There is no │ (U+2502) in font [lmmonolt10-boldoblique]:!
Missing character: There is no ─ (U+2500) in font [lmmonolt10-boldoblique]:!
Missing character: There is no │ (U+2502) in font [lmmonolt10-boldoblique]:!
Missing character: There is no ─ (U+2500) in font [lmmonolt10-boldoblique]:!
Missing character: There is no │ (U+2502) in font [lmmonolt10-boldoblique]:!
Missing character: There is no ─ (U+2500) in font [lmmonolt10-boldoblique]:!
Missing character: There is no └ (U+2514) in font [lmmonolt10-boldoblique]:!
Missing character: There is no ─ (U+2500) in font [lmmonolt10-boldoblique]:!
[108]
File: figures/idd_nomass.png Graphic file (type bmp)
<figures/idd_nomass.png>

Overfull \hbox (342.64435pt too wide) in paragraph at lines 3322--3323
 [][] 
 []

Missing character: There is no └ (U+2514) in font [lmmonolt10-boldoblique]:!
Missing character: There is no ─ (U+2500) in font [lmmonolt10-boldoblique]:!
Missing character: There is no ├ (U+251C) in font [lmmonolt10-boldoblique]:!
Missing character: There is no ─ (U+2500) in font [lmmonolt10-boldoblique]:!
Missing character: There is no │ (U+2502) in font [lmmonolt10-boldoblique]:!
Missing character: There is no │ (U+2502) in font [lmmonolt10-boldoblique]:!
Missing character: There is no └ (U+2514) in font [lmmonolt10-boldoblique]:!
Missing character: There is no ─ (U+2500) in font [lmmonolt10-boldoblique]:!
Missing character: There is no │ (U+2502) in font [lmmonolt10-boldoblique]:!
Missing character: There is no └ (U+2514) in font [lmmonolt10-boldoblique]:!
Missing character: There is no ─ (U+2500) in font [lmmonolt10-boldoblique]:!
Missing character: There is no │ (U+2502) in font [lmmonolt10-boldoblique]:!
Missing character: There is no └ (U+2514) in font [lmmonolt10-boldoblique]:!
Missing character: There is no ─ (U+2500) in font [lmmonolt10-boldoblique]:!
Missing character: There is no │ (U+2502) in font [lmmonolt10-boldoblique]:!
Missing character: There is no ├ (U+251C) in font [lmmonolt10-boldoblique]:!
Missing character: There is no ─ (U+2500) in font [lmmonolt10-boldoblique]:!
[109] [110]
Missing character: There is no └ (U+2514) in font [lmmonolt10-boldoblique]:!
Missing character: There is no ─ (U+2500) in font [lmmonolt10-boldoblique]:!
Missing character: There is no └ (U+2514) in font [lmmonolt10-boldoblique]:!
Missing character: There is no ─ (U+2500) in font [lmmonolt10-boldoblique]:!
Missing character: There is no └ (U+2514) in font [lmmonolt10-boldoblique]:!
Missing character: There is no ─ (U+2500) in font [lmmonolt10-boldoblique]:!
Missing character: There is no └ (U+2514) in font [lmmonolt10-boldoblique]:!
Missing character: There is no ─ (U+2500) in font [lmmonolt10-boldoblique]:!
Missing character: There is no └ (U+2514) in font [lmmonolt10-boldoblique]:!
Missing character: There is no ─ (U+2500) in font [lmmonolt10-boldoblique]:!
[111] [112

]
Chapter 14.
[113]
Missing character: There is no ├ (U+251C) in font [lmmonolt10-boldoblique]:!
Missing character: There is no ─ (U+2500) in font [lmmonolt10-boldoblique]:!
Missing character: There is no │ (U+2502) in font [lmmonolt10-boldoblique]:!
Missing character: There is no ─ (U+2500) in font [lmmonolt10-boldoblique]:!
Missing character: There is no │ (U+2502) in font [lmmonolt10-boldoblique]:!
Missing character: There is no ─ (U+2500) in font [lmmonolt10-boldoblique]:!
Missing character: There is no │ (U+2502) in font [lmmonolt10-boldoblique]:!
Missing character: There is no ─ (U+2500) in font [lmmonolt10-boldoblique]:!
Missing character: There is no │ (U+2502) in font [lmmonolt10-boldoblique]:!
Missing character: There is no ─ (U+2500) in font [lmmonolt10-boldoblique]:!
Missing character: There is no └ (U+2514) in font [lmmonolt10-boldoblique]:!
Missing character: There is no ─ (U+2500) in font [lmmonolt10-boldoblique]:!
Missing character: There is no ├ (U+251C) in font [lmmonolt10-boldoblique]:!
Missing character: There is no ─ (U+2500) in font [lmmonolt10-boldoblique]:!
Missing character: There is no │ (U+2502) in font [lmmonolt10-boldoblique]:!
Missing character: There is no ─ (U+2500) in font [lmmonolt10-boldoblique]:!
Missing character: There is no │ (U+2502) in font [lmmonolt10-boldoblique]:!
Missing character: There is no ─ (U+2500) in font [lmmonolt10-boldoblique]:!
Missing character: There is no │ (U+2502) in font [lmmonolt10-boldoblique]:!
Missing character: There is no ─ (U+2500) in font [lmmonolt10-boldoblique]:!
Missing character: There is no │ (U+2502) in font [lmmonolt10-boldoblique]:!
Missing character: There is no ─ (U+2500) in font [lmmonolt10-boldoblique]:!
Missing character: There is no │ (U+2502) in font [lmmonolt10-boldoblique]:!
Missing character: There is no ─ (U+2500) in font [lmmonolt10-boldoblique]:!
Missing character: There is no │ (U+2502) in font [lmmonolt10-boldoblique]:!
Missing character: There is no ─ (U+2500) in font [lmmonolt10-boldoblique]:!
Missing character: There is no │ (U+2502) in font [lmmonolt10-boldoblique]:!
Missing character: There is no ─ (U+2500) in font [lmmonolt10-boldoblique]:!
[114]
Missing character: There is no ├ (U+251C) in font [lmmonolt10-boldoblique]:!
Missing character: There is no ─ (U+2500) in font [lmmonolt10-boldoblique]:!
Missing character: There is no │ (U+2502) in font [lmmonolt10-boldoblique]:!
Missing character: There is no ─ (U+2500) in font [lmmonolt10-boldoblique]:!
Missing character: There is no │ (U+2502) in font [lmmonolt10-boldoblique]:!
Missing character: There is no ─ (U+2500) in font [lmmonolt10-boldoblique]:!
Missing character: There is no │ (U+2502) in font [lmmonolt10-boldoblique]:!
Missing character: There is no ─ (U+2500) in font [lmmonolt10-boldoblique]:!
Missing character: There is no │ (U+2502) in font [lmmonolt10-boldoblique]:!
Missing character: There is no ─ (U+2500) in font [lmmonolt10-boldoblique]:!
Missing character: There is no │ (U+2502) in font [lmmonolt10-boldoblique]:!
Missing character: There is no ─ (U+2500) in font [lmmonolt10-boldoblique]:!
Missing character: There is no │ (U+2502) in font [lmmonolt10-boldoblique]:!
Missing character: There is no ─ (U+2500) in font [lmmonolt10-boldoblique]:!
Missing character: There is no │ (U+2502) in font [lmmonolt10-boldoblique]:!
Missing character: There is no ─ (U+2500) in font [lmmonolt10-boldoblique]:!

Overfull \hbox (93.33891pt too wide) in paragraph at lines 3510--3511
[]\TU/lmr/m/n/10 Take a minute now to open the EnergyPlus IDF file (\TU/lmtt/m/
n/10 "RefBldgMediumOfficeNew2004_Chicago.idf"\TU/lmr/m/n/10 ).
 []

[115] [116] [117]
Missing character: There is no ├ (U+251C) in font [lmmonolt10-boldoblique]:!
Missing character: There is no ─ (U+2500) in font [lmmonolt10-boldoblique]:!
Missing character: There is no │ (U+2502) in font [lmmonolt10-boldoblique]:!
Missing character: There is no ─ (U+2500) in font [lmmonolt10-boldoblique]:!
Missing character: There is no │ (U+2502) in font [lmmonolt10-boldoblique]:!
Missing character: There is no ─ (U+2500) in font [lmmonolt10-boldoblique]:!
Missing character: There is no │ (U+2502) in font [lmmonolt10-boldoblique]:!
Missing character: There is no ─ (U+2500) in font [lmmonolt10-boldoblique]:!
Missing character: There is no ├ (U+251C) in font [lmmonolt10-boldoblique]:!
Missing character: There is no ─ (U+2500) in font [lmmonolt10-boldoblique]:!
Missing character: There is no │ (U+2502) in font [lmmonolt10-boldoblique]:!
Missing character: There is no ─ (U+2500) in font [lmmonolt10-boldoblique]:!
Missing character: There is no │ (U+2502) in font [lmmonolt10-boldoblique]:!
Missing character: There is no ─ (U+2500) in font [lmmonolt10-boldoblique]:!
Missing character: There is no │ (U+2502) in font [lmmonolt10-boldoblique]:!
Missing character: There is no ─ (U+2500) in font [lmmonolt10-boldoblique]:!
Missing character: There is no ├ (U+251C) in font [lmmonolt10-boldoblique]:!
Missing character: There is no ─ (U+2500) in font [lmmonolt10-boldoblique]:!
Missing character: There is no │ (U+2502) in font [lmmonolt10-boldoblique]:!
Missing character: There is no ─ (U+2500) in font [lmmonolt10-boldoblique]:!
Missing character: There is no │ (U+2502) in font [lmmonolt10-boldoblique]:!
Missing character: There is no ─ (U+2500) in font [lmmonolt10-boldoblique]:!
Missing character: There is no │ (U+2502) in font [lmmonolt10-boldoblique]:!
Missing character: There is no ─ (U+2500) in font [lmmonolt10-boldoblique]:!
[118]
Missing character: There is no └ (U+2514) in font [lmmonolt10-boldoblique]:!
Missing character: There is no ─ (U+2500) in font [lmmonolt10-boldoblique]:!
Missing character: There is no ├ (U+251C) in font [lmmonolt10-boldoblique]:!
Missing character: There is no ─ (U+2500) in font [lmmonolt10-boldoblique]:!
Missing character: There is no │ (U+2502) in font [lmmonolt10-boldoblique]:!
Missing character: There is no │ (U+2502) in font [lmmonolt10-boldoblique]:!
Missing character: There is no └ (U+2514) in font [lmmonolt10-boldoblique]:!
Missing character: There is no ─ (U+2500) in font [lmmonolt10-boldoblique]:!
Missing character: There is no │ (U+2502) in font [lmmonolt10-boldoblique]:!
Missing character: There is no └ (U+2514) in font [lmmonolt10-boldoblique]:!
Missing character: There is no ─ (U+2500) in font [lmmonolt10-boldoblique]:!
Missing character: There is no │ (U+2502) in font [lmmonolt10-boldoblique]:!
Missing character: There is no └ (U+2514) in font [lmmonolt10-boldoblique]:!
Missing character: There is no ─ (U+2500) in font [lmmonolt10-boldoblique]:!
Missing character: There is no │ (U+2502) in font [lmmonolt10-boldoblique]:!
Missing character: There is no ├ (U+251C) in font [lmmonolt10-boldoblique]:!
Missing character: There is no ─ (U+2500) in font [lmmonolt10-boldoblique]:!
[119]
Missing character: There is no ├ (U+251C) in font [lmmonolt10-boldoblique]:!
Missing character: There is no ─ (U+2500) in font [lmmonolt10-boldoblique]:!
Missing character: There is no │ (U+2502) in font [lmmonolt10-boldoblique]:!
Missing character: There is no ─ (U+2500) in font [lmmonolt10-boldoblique]:!
Missing character: There is no │ (U+2502) in font [lmmonolt10-boldoblique]:!
Missing character: There is no ─ (U+2500) in font [lmmonolt10-boldoblique]:!
Missing character: There is no │ (U+2502) in font [lmmonolt10-boldoblique]:!
Missing character: There is no ─ (U+2500) in font [lmmonolt10-boldoblique]:!
Missing character: There is no │ (U+2502) in font [lmmonolt10-boldoblique]:!
Missing character: There is no ─ (U+2500) in font [lmmonolt10-boldoblique]:!
Missing character: There is no │ (U+2502) in font [lmmonolt10-boldoblique]:!
Missing character: There is no ─ (U+2500) in font [lmmonolt10-boldoblique]:!
Missing character: There is no │ (U+2502) in font [lmmonolt10-boldoblique]:!
Missing character: There is no ─ (U+2500) in font [lmmonolt10-boldoblique]:!
Missing character: There is no ├ (U+251C) in font [lmmonolt10-boldoblique]:!
Missing character: There is no ─ (U+2500) in font [lmmonolt10-boldoblique]:!
Missing character: There is no │ (U+2502) in font [lmmonolt10-boldoblique]:!
Missing character: There is no ─ (U+2500) in font [lmmonolt10-boldoblique]:!
Missing character: There is no │ (U+2502) in font [lmmonolt10-boldoblique]:!
Missing character: There is no ─ (U+2500) in font [lmmonolt10-boldoblique]:!
Missing character: There is no │ (U+2502) in font [lmmonolt10-boldoblique]:!
Missing character: There is no ─ (U+2500) in font [lmmonolt10-boldoblique]:!
Missing character: There is no │ (U+2502) in font [lmmonolt10-boldoblique]:!
Missing character: There is no ─ (U+2500) in font [lmmonolt10-boldoblique]:!
Missing character: There is no │ (U+2502) in font [lmmonolt10-boldoblique]:!
Missing character: There is no ─ (U+2500) in font [lmmonolt10-boldoblique]:!
Missing character: There is no │ (U+2502) in font [lmmonolt10-boldoblique]:!
Missing character: There is no ─ (U+2500) in font [lmmonolt10-boldoblique]:!
Missing character: There is no │ (U+2502) in font [lmmonolt10-boldoblique]:!
Missing character: There is no ─ (U+2500) in font [lmmonolt10-boldoblique]:!
Missing character: There is no ├ (U+251C) in font [lmmonolt10-boldoblique]:!
Missing character: There is no ─ (U+2500) in font [lmmonolt10-boldoblique]:!
Missing character: There is no │ (U+2502) in font [lmmonolt10-boldoblique]:!
Missing character: There is no ─ (U+2500) in font [lmmonolt10-boldoblique]:!
Missing character: There is no │ (U+2502) in font [lmmonolt10-boldoblique]:!
Missing character: There is no ─ (U+2500) in font [lmmonolt10-boldoblique]:!
Missing character: There is no │ (U+2502) in font [lmmonolt10-boldoblique]:!
Missing character: There is no ─ (U+2500) in font [lmmonolt10-boldoblique]:!
Missing character: There is no │ (U+2502) in font [lmmonolt10-boldoblique]:!
Missing character: There is no ─ (U+2500) in font [lmmonolt10-boldoblique]:!
Missing character: There is no │ (U+2502) in font [lmmonolt10-boldoblique]:!
Missing character: There is no ─ (U+2500) in font [lmmonolt10-boldoblique]:!
Missing character: There is no │ (U+2502) in font [lmmonolt10-boldoblique]:!
Missing character: There is no ─ (U+2500) in font [lmmonolt10-boldoblique]:!
Missing character: There is no │ (U+2502) in font [lmmonolt10-boldoblique]:!
Missing character: There is no ─ (U+2500) in font [lmmonolt10-boldoblique]:!

Underfull \vbox (badness 1540) detected at line 3782
 []


Underfull \vbox (badness 1490) has occurred while \output is active []

[120]
File: figures/idd_material.png Graphic file (type bmp)
<figures/idd_material.png>
[121] [122]
Missing character: There is no ├ (U+251C) in font [lmmonolt10-boldoblique]:!
Missing character: There is no ─ (U+2500) in font [lmmonolt10-boldoblique]:!
Missing character: There is no │ (U+2502) in font [lmmonolt10-boldoblique]:!
Missing character: There is no ─ (U+2500) in font [lmmonolt10-boldoblique]:!
Missing character: There is no │ (U+2502) in font [lmmonolt10-boldoblique]:!
Missing character: There is no ─ (U+2500) in font [lmmonolt10-boldoblique]:!
Missing character: There is no │ (U+2502) in font [lmmonolt10-boldoblique]:!
Missing character: There is no ─ (U+2500) in font [lmmonolt10-boldoblique]:!
Missing character: There is no │ (U+2502) in font [lmmonolt10-boldoblique]:!
Missing character: There is no ─ (U+2500) in font [lmmonolt10-boldoblique]:!
Missing character: There is no └ (U+2514) in font [lmmonolt10-boldoblique]:!
Missing character: There is no ─ (U+2500) in font [lmmonolt10-boldoblique]:!
Missing character: There is no ├ (U+251C) in font [lmmonolt10-boldoblique]:!
Missing character: There is no ─ (U+2500) in font [lmmonolt10-boldoblique]:!
Missing character: There is no │ (U+2502) in font [lmmonolt10-boldoblique]:!
Missing character: There is no ─ (U+2500) in font [lmmonolt10-boldoblique]:!
Missing character: There is no │ (U+2502) in font [lmmonolt10-boldoblique]:!
Missing character: There is no ─ (U+2500) in font [lmmonolt10-boldoblique]:!
Missing character: There is no │ (U+2502) in font [lmmonolt10-boldoblique]:!
Missing character: There is no ─ (U+2500) in font [lmmonolt10-boldoblique]:!
Missing character: There is no │ (U+2502) in font [lmmonolt10-boldoblique]:!
Missing character: There is no ─ (U+2500) in font [lmmonolt10-boldoblique]:!
Missing character: There is no └ (U+2514) in font [lmmonolt10-boldoblique]:!
Missing character: There is no ─ (U+2500) in font [lmmonolt10-boldoblique]:!

Underfull \vbox (badness 10000) has occurred while \output is active []

[123] [124]
Chapter 15.
[125

] [126] [127] [128

]
Chapter 16.
[129] [130

] [131] [132]
Chapter 17.
[133

] [134

]
Chapter 18.
[135] [136

]
Chapter 19.
[137] [138

] [139] [140]
Chapter 20.
[141

] [142

]
Chapter 21.
[143] [144

]
Chapter 22.
[145] [146

]
Chapter 23.
[147] [148

] [149] [150]
Chapter 24.
[151

] [152

]
Chapter 25.
[153] [154

]
Chapter 26.
(./r4bes.bbl [155] [156

]) [157] (./r4bes.aux)

LaTeX Warning: There were undefined references.

 ) 
Here is how much of TeX's memory you used:
 18841 strings out of 476919
 336361 string characters out of 5821840
 828444 words of memory out of 5000000
 38503 multiletter control sequences out of 15000+600000
 409937 words of font info for 87 fonts, out of 8000000 for 9000
 1348 hyphenation exceptions out of 8191
 98i,6n,122p,1185b,508s stack positions out of 5000i,500n,10000p,200000b,80000s

Output written on r4bes.pdf (157 pages).
